<?xml version="1.0" encoding="UTF-8"?>
<!-- Generated by org.testng.reporters.JUnitReportReporter -->
<testsuite hostname="PSDLAP374" failures="0" tests="1" name="Test.test" time="16.306" errors="0" timestamp="2025-02-20T14:03:14 IST" skipped="0">
  <testcase classname="Test.test" name="Validate_second_JOIN_US_button_click_TC_003" time="16.306"/>
</testsuite> <!-- Test.test -->
