<?xml version="1.0" encoding="UTF-8"?>
<!-- Generated by org.testng.reporters.JUnitReportReporter -->
<testsuite hostname="PSDLAP374" failures="0" tests="1" name="Test.test" time="10.208" errors="0" timestamp="2025-02-13T12:28:23 IST" skipped="0">
  <testcase classname="Test.test" name="openGooglePage" time="10.208"/>
</testsuite> <!-- Test.test -->
